<?xml version="1.0" encoding="UTF-8"?>
<testng-results ignored="0" total="1" passed="1" failed="0" skipped="0">
  <reporter-output>
    <line>
      <![CDATA[New Emp added]]>
    </line>
  </reporter-output>
  <suite started-at="2022-12-26T19:13:13 IST" name="Default suite" finished-at="2022-12-26T19:13:28 IST" duration-ms="15368">
    <groups>
    </groups>
    <test started-at="2022-12-26T19:13:13 IST" name="Default test" finished-at="2022-12-26T19:13:28 IST" duration-ms="15368">
      <class name="com.hrms.lib.WD_TestNG">
        <test-method is-config="true" signature="startup()[pri:0, instance:com.hrms.lib.WD_TestNG@2ed2d9cb]" started-at="2022-12-26T19:13:13 IST" name="startup" finished-at="2022-12-26T19:13:15 IST" duration-ms="1741" status="PASS">
          <reporter-output>
          </reporter-output>
        </test-method> <!-- startup -->
        <test-method signature="tc001()[pri:0, instance:com.hrms.lib.WD_TestNG@2ed2d9cb]" started-at="2022-12-26T19:13:15 IST" name="tc001" finished-at="2022-12-26T19:13:28 IST" duration-ms="13459" status="PASS">
          <reporter-output>
            <line>
              <![CDATA[New Emp added]]>
            </line>
          </reporter-output>
        </test-method> <!-- tc001 -->
        <test-method is-config="true" signature="tearDown()[pri:0, instance:com.hrms.lib.WD_TestNG@2ed2d9cb]" started-at="2022-12-26T19:13:28 IST" name="tearDown" finished-at="2022-12-26T19:13:28 IST" duration-ms="133" status="PASS">
          <reporter-output>
          </reporter-output>
        </test-method> <!-- tearDown -->
      </class> <!-- com.hrms.lib.WD_TestNG -->
    </test> <!-- Default test -->
  </suite> <!-- Default suite -->
</testng-results>
